C51 COMPILER V9.00   MAIN                                                                  11/26/2013 01:33:21 PAGE 1   


C51 COMPILER V9.00, COMPILATION OF MODULE MAIN
OBJECT MODULE PLACED IN ..\out\main.obj
COMPILER INVOKED BY: d:\Keil\C51\BIN\C51.EXE ..\user\main.c BROWSE DEBUG OBJECTEXTEND PRINT(..\listing\main.lst) OBJECT(
                    -..\out\main.obj)

line level    source

   1          /**********************TS-51A单片机开发板例程************************
   2          *               Copyright (c) 2013,52探索 单片机开发板
   3          *               All rights reserved
   4          *       
   5          *               文件名称：main.c
   6          *               功能描述：采用分页显示的方法显示一大段文字
   7          * 
   8          *               当前版本：1.0
   9          *               作    者：52探索
  10          *       完成日期：2013-5-29
  11          *
  12          *               取代版本：无
  13          *       改进内容：无
  14          *
  15          *               使用环境：TS-51A开发板 + STC89C52 + 11.0592M晶振 + Keil C51 V9.0 
  16          *       
  17          *               淘宝地址：http://shop104208028.taobao.com/
  18          *               QQ      : 10903659
  19          *               QQ群    ：336397723  336398729   336398900
  20          ******************************************************************/
  21          
  22          #include <REGX52.H>
  23          #include<intrins.h>
  24          
  25          #define uchar unsigned char
  26          #define uint unsigned int
  27          
  28          #define RS_CLR RS = 0 
  29          #define RS_SET RS = 1
  30          
  31          #define RW_CLR RW = 0 
  32          #define RW_SET RW = 1 
  33          
  34          #define EN_CLR EN = 0
  35          #define EN_SET EN = 1
  36          
  37          #define DataPort P0
  38          
  39          sbit RS = P1^3;   //定义端口 
  40          sbit RW = P1^4;
  41          sbit EN = P1^5;
  42          
  43          sbit dx = P2^7;
  44          sbit wx = P2^6;
  45          sbit beep=P2^2;
  46          
  47          uchar code table []="I want to bring ";
  48          uchar code table1[]="out the secret  ";
  49          uchar code table2[]="of nature and   ";
  50          uchar code table3[]="apply them for  ";
  51          uchar code table4[]="the happiness of";
  52          uchar code table5[]="man.I don't know";
  53          uchar code table6[]="of any better s-";
  54          uchar code table7[]="-ervice to offer";
C51 COMPILER V9.00   MAIN                                                                  11/26/2013 01:33:21 PAGE 2   

  55          uchar code table8[]="for the short t-";
  56          uchar code table9[]="-ime we are in  ";
  57          uchar code table10[]="the world.      ";
  58          uchar code table11[]="---Thomas Edison";
  59          
  60          /*
  61          * 功  能：延时，若干毫秒
  62          * 参  数：毫秒数
  63          * 返回值：无
  64          */
  65          void DelayMs(unsigned int i)    //一个延时函数，这个函数在11.0592M晶振下的延时时间大概为1ms
  66          {
  67   1              unsigned int j,k;
  68   1      
  69   1              for(j=i; j>0; j--)
  70   1                      for(k=114; k>0; k--);
  71   1      }
  72          
  73          /*
  74          * 功  能：延时
  75          * 参  数：延时的数量
  76          * 返回值：无
  77          */
  78          void delay(uint x)
  79          {
  80   1              uint a,b;
  81   1              for(a=x;a>0;a--)
  82   1                      for(b=10;b>0;b--); 
  83   1      }
  84          
  85          /*
  86          * 功  能：清除数码管的显示内容
  87          * 参  数：无
  88          * 返回值：无
  89          */
  90          void SMG_CLR( void )
  91          {
  92   1              P0 = 0x00;              //发送要显示的段码
  93   1              dx = 1;
  94   1              dx = 0;
  95   1              
  96   1              P0 = 0x00;              //发送要显示的位码,只显示一位数字
  97   1              wx = 1;
  98   1              wx = 0;
  99   1      }
 100          
 101          /*
 102          * 功  能：1602的检查是否忙
 103          * 参  数：无
 104          * 返回值：无
 105          */
 106          bit LCD_Check_Busy(void) 
 107          { 
 108   1              DataPort = 0xFF; 
 109   1              RS_CLR; 
 110   1              RW_SET; 
 111   1              EN_CLR; 
 112   1              _nop_(); 
 113   1              EN_SET;
 114   1              
 115   1              return (bit)(DataPort & 0x80);
 116   1      }
C51 COMPILER V9.00   MAIN                                                                  11/26/2013 01:33:21 PAGE 3   

 117          
 118          /*
 119          * 功  能：1602的写命令函数
 120          * 参  数：com:命令字
 121          * 返回值：无
 122          */
 123          void LCD_Write_Com(unsigned char com) 
 124          {  
 125   1              while(LCD_Check_Busy()); //忙则等待
 126   1              RS_CLR; 
 127   1              RW_CLR; 
 128   1              EN_SET; 
 129   1              DataPort = com; 
 130   1              _nop_(); 
 131   1              EN_CLR;
 132   1      }
 133          
 134          /*
 135          * 功  能：1602的写数据函数
 136          * 参  数：Data:要写入的数据
 137          * 返回值：无
 138          */
 139          void LCD_Write_Data(unsigned char Data) 
 140          { 
 141   1              while(LCD_Check_Busy()); //忙则等待
 142   1              RS_SET; 
 143   1              RW_CLR; 
 144   1              EN_SET; 
 145   1              DataPort = Data; 
 146   1              _nop_();
 147   1              EN_CLR;
 148   1      }
 149          
 150          /*
 151          * 功  能：1602 清除显示内容
 152          * 参  数：无
 153          * 返回值：无
 154          */
 155          void LCD_Clear(void) 
 156          { 
 157   1              LCD_Write_Com(0x01); 
 158   1              delay(5);
 159   1      }
 160          
 161          /*
 162          * 功  能：1602 初始化
 163          * 参  数：无
 164          * 返回值：无
 165          */
 166          void LCD_Init(void) 
 167          {
 168   1              EN = 0;
 169   1              LCD_Write_Com(0x38);    /*显示模式设置*/ 
 170   1              delay(5); 
 171   1              LCD_Write_Com(0x0E);    /*显示关闭*/ 
 172   1              delay(5); 
 173   1              LCD_Write_Com(0x06);    /*显示清屏*/ 
 174   1              delay(5); 
 175   1              LCD_Write_Com(0x01);    /*显示光标移动设置*/ 
 176   1              delay(5); 
 177   1              LCD_Write_Com(0x80);
 178   1              delay(5);
C51 COMPILER V9.00   MAIN                                                                  11/26/2013 01:33:21 PAGE 4   

 179   1      }
 180             
 181          /*------------------------------------------------
 182                              主函数
 183          ------------------------------------------------*/ 
 184          void main(void) 
 185          {
 186   1              uchar num;
 187   1              
 188   1              SMG_CLR();
 189   1      
 190   1              LCD_Init();
 191   1              LCD_Clear();
 192   1      
 193   1              for(num=0;num<16;num++)    //第一屏
 194   1              {
 195   2                      beep=0;
 196   2                      LCD_Write_Data(table[num]);
 197   2                      DelayMs(100);
 198   2                      beep=1;
 199   2                      DelayMs(50);
 200   2              }
 201   1      
 202   1              LCD_Write_Com(0x80+0x40);
 203   1      
 204   1              for(num=0;num<16;num++)
 205   1              {
 206   2                      beep=0;
 207   2                      LCD_Write_Data(table1[num]);
 208   2                      DelayMs(100);
 209   2                      beep=1;
 210   2                      DelayMs(50);
 211   2              }
 212   1      
 213   1              LCD_Write_Com(0x01); //清屏
 214   1              LCD_Write_Com(0x80);     //设置字符显示位置指针于第一行
 215   1      
 216   1              for(num=0;num<16;num++)    // 第二屏
 217   1              {       
 218   2                      beep=0;
 219   2                      LCD_Write_Data(table2[num]);
 220   2                      DelayMs(100);
 221   2                      beep=1;
 222   2                      DelayMs(50);
 223   2              }
 224   1      
 225   1              LCD_Write_Com(0x80+0x40); //设置字符显示位置指针于第二行
 226   1      
 227   1              for(num=0;num<16;num++)
 228   1              {       
 229   2                      beep=0;
 230   2                      LCD_Write_Data(table3[num]);
 231   2                      DelayMs(100);
 232   2                      beep=1;
 233   2                      DelayMs(50);
 234   2              }
 235   1      
 236   1              LCD_Write_Com(0x80);
 237   1              LCD_Write_Com(0x01);
 238   1      
 239   1              for(num=0;num<16;num++)    //第三屏
 240   1              {
C51 COMPILER V9.00   MAIN                                                                  11/26/2013 01:33:21 PAGE 5   

 241   2                      beep=0;
 242   2                      LCD_Write_Data(table4[num]);
 243   2                      DelayMs(100);
 244   2                      beep=1;
 245   2                      DelayMs(50);
 246   2              }
 247   1      
 248   1              LCD_Write_Com(0x80+0x40);
 249   1      
 250   1              for(num=0;num<16;num++)
 251   1              {
 252   2                      beep=0;
 253   2                      LCD_Write_Data(table5[num]);
 254   2                      DelayMs(100);
 255   2                      beep=1;
 256   2                      DelayMs(50);
 257   2              }
 258   1      
 259   1              LCD_Write_Com(0x01);
 260   1              LCD_Write_Com(0x80);
 261   1      
 262   1              for(num=0;num<16;num++)   //第四屏
 263   1              {
 264   2                      beep=0;
 265   2                      LCD_Write_Data(table6[num]);
 266   2                      DelayMs(100);
 267   2                      beep=1;
 268   2                      DelayMs(50);
 269   2              }
 270   1      
 271   1              LCD_Write_Com(0x80+0x40);
 272   1      
 273   1              for(num=0;num<16;num++)
 274   1              {
 275   2                      beep=0;
 276   2                      LCD_Write_Data(table7[num]);
 277   2                      DelayMs(100);
 278   2                      beep=1;
 279   2                      DelayMs(50);
 280   2              }
 281   1      
 282   1              LCD_Write_Com(0x01);
 283   1              LCD_Write_Com(0x80);
 284   1      
 285   1              for(num=0;num<16;num++)   //第五屏
 286   1              {
 287   2                      beep=0;
 288   2                      LCD_Write_Data(table8[num]);
 289   2                      DelayMs(100);
 290   2                      beep=1;
 291   2                      DelayMs(50);
 292   2              }
 293   1      
 294   1              LCD_Write_Com(0x80+0x40);
 295   1      
 296   1              for(num=0;num<16;num++)
 297   1              {
 298   2                      beep=0;
 299   2                      LCD_Write_Data(table9[num]);
 300   2                      DelayMs(100);
 301   2                      beep=1;
 302   2                      DelayMs(50);
C51 COMPILER V9.00   MAIN                                                                  11/26/2013 01:33:21 PAGE 6   

 303   2              }
 304   1      
 305   1              LCD_Write_Com(0x01);
 306   1              LCD_Write_Com(0x80);
 307   1              
 308   1              for(num=0;num<16;num++)   //第六屏
 309   1              {
 310   2                      beep=0;
 311   2                      LCD_Write_Data(table10[num]);
 312   2                      DelayMs(100);
 313   2                      beep=1;
 314   2                      DelayMs(50);
 315   2              }
 316   1      
 317   1              LCD_Write_Com(0x80+0x40);
 318   1      
 319   1              for(num=0;num<16;num++)
 320   1              {
 321   2                      beep=0;
 322   2                      LCD_Write_Data(table11[num]);
 323   2                      DelayMs(100);
 324   2                      beep=1;
 325   2                      DelayMs(50);
 326   2              }
 327   1      
 328   1              while(1);
 329   1      }


MODULE INFORMATION:   STATIC OVERLAYABLE
   CODE SIZE        =    450    ----
   CONSTANT SIZE    =    204    ----
   XDATA SIZE       =   ----    ----
   PDATA SIZE       =   ----    ----
   DATA SIZE        =   ----    ----
   IDATA SIZE       =   ----    ----
   BIT SIZE         =   ----    ----
END OF MODULE INFORMATION.


C51 COMPILATION COMPLETE.  0 WARNING(S),  0 ERROR(S)
